2024.11.15 16:58:06: Added Thomas Anderson Teacher
2024.11.15 16:58:06: Added Han Solo Teacher
2024.11.15 16:58:06: Added Princess Leia Teacher
2024.11.15 16:58:06: Added Severus Snape Teacher
2024.11.15 16:58:06: Added Dolores Umbridge Teacher
2024.11.15 16:58:06: Added Peter Pan Student to class class 1A, profile humane
2024.11.15 16:58:06: Added Anna Shirley Student to class class 1A, profile humane
2024.11.15 16:58:06: Added Harry Potter Student to class class 1A, profile humane
2024.11.15 16:58:06: Added Ron Weasley Student to class class 1A, profile humane
2024.11.15 16:58:06: Added term of subject Math on MONDAY at 10:30, 45 min to subject Math
2024.11.15 16:58:06: Added term of subject Math on THURSDAY at 12:50, 45 min to subject Math
2024.11.15 16:58:06: Added subject Math to class 1A, profile humane
2024.11.15 16:58:06: Added term of subject English on MONDAY at 12:00, 45 min to subject English
2024.11.15 16:58:06: Added term of subject English on TUESDAY at 11:00, 45 min to subject English
2024.11.15 16:58:06: Added term of subject English on WEDNESDAY at 10:30, 45 min to subject English
2024.11.15 16:58:06: Added term of subject English on THURSDAY at 11:00, 45 min to subject English
2024.11.15 16:58:06: Added subject English to class 1A, profile humane
2024.11.15 16:58:06: Added term of subject Computer Science on TUESDAY at 09:00, 45 min to subject Computer Science
2024.11.15 16:58:06: Added subject Computer Science to class 1A, profile humane
2024.11.15 16:58:06: Added term of subject Chemistry on WEDNESDAY at 11:30, 45 min to subject Chemistry
2024.11.15 16:58:06: Added subject Chemistry to class 1A, profile humane
2024.11.15 16:58:06: Added term of subject Potions on FRIDAY at 09:00, 90 min to subject Potions
2024.11.15 16:58:06: Added subject Potions to class 1A, profile humane
2024.11.15 16:58:06: Added term of subject Black Magic Defense on FRIDAY at 12:30, 90 min to subject Black Magic Defense
2024.11.15 16:58:06: Added subject Black Magic Defense to class 1A, profile humane
2024.11.15 16:58:06: Added class 1A, profile humane
2024.11.15 17:09:52: Added Thomas Anderson Teacher
2024.11.15 17:09:52: Added Han Solo Teacher
2024.11.15 17:09:52: Added Princess Leia Teacher
2024.11.15 17:09:52: Added Severus Snape Teacher
2024.11.15 17:09:52: Added Dolores Umbridge Teacher
2024.11.15 17:09:52: Added Peter Pan Student to class class 1A, profile humane
2024.11.15 17:09:52: Added Anna Shirley Student to class class 1A, profile humane
2024.11.15 17:09:52: Added Harry Potter Student to class class 1A, profile humane
2024.11.15 17:09:52: Added Ron Weasley Student to class class 1A, profile humane
2024.11.15 17:09:52: Added term of subject Math on MONDAY at 10:30, 45 min to subject Math
2024.11.15 17:09:52: Added term of subject Math on THURSDAY at 12:50, 45 min to subject Math
2024.11.15 17:09:52: Added subject Math to class 1A, profile humane
2024.11.15 17:09:52: Added term of subject English on MONDAY at 12:00, 45 min to subject English
2024.11.15 17:09:52: Added term of subject English on TUESDAY at 11:00, 45 min to subject English
2024.11.15 17:09:52: Added term of subject English on WEDNESDAY at 10:30, 45 min to subject English
2024.11.15 17:09:52: Added term of subject English on THURSDAY at 11:00, 45 min to subject English
2024.11.15 17:09:52: Added subject English to class 1A, profile humane
2024.11.15 17:09:52: Added term of subject Computer Science on TUESDAY at 09:00, 45 min to subject Computer Science
2024.11.15 17:09:52: Added subject Computer Science to class 1A, profile humane
2024.11.15 17:09:52: Added term of subject Chemistry on WEDNESDAY at 11:30, 45 min to subject Chemistry
2024.11.15 17:09:52: Added subject Chemistry to class 1A, profile humane
2024.11.15 17:09:52: Added term of subject Potions on FRIDAY at 09:00, 90 min to subject Potions
2024.11.15 17:09:52: Added subject Potions to class 1A, profile humane
2024.11.15 17:09:52: Added term of subject Black Magic Defense on FRIDAY at 12:30, 90 min to subject Black Magic Defense
2024.11.15 17:09:52: Added subject Black Magic Defense to class 1A, profile humane
2024.11.15 17:09:52: Added class 1A, profile humane
2024.11.15 17:48:34: Added Thomas Anderson Teacher
2024.11.15 17:48:34: Added Han Solo Teacher
2024.11.15 17:48:34: Added Princess Leia Teacher
2024.11.15 17:48:34: Added Severus Snape Teacher
2024.11.15 17:48:34: Added Dolores Umbridge Teacher
2024.11.15 17:48:34: Added Peter Pan Student to class class 1A, profile humane
2024.11.15 17:48:34: Added Anna Shirley Student to class class 1A, profile humane
2024.11.15 17:48:34: Added Harry Potter Student to class class 1A, profile humane
2024.11.15 17:48:34: Added Ron Weasley Student to class class 1A, profile humane
2024.11.15 17:48:34: Added term of subject Math on MONDAY at 10:30, 45 min to subject Math
2024.11.15 17:48:34: Added term of subject Math on THURSDAY at 12:50, 45 min to subject Math
2024.11.15 17:48:34: Added subject Math to class 1A, profile humane
2024.11.15 17:48:34: Added term of subject English on MONDAY at 12:00, 45 min to subject English
2024.11.15 17:48:34: Added term of subject English on TUESDAY at 11:00, 45 min to subject English
2024.11.15 17:48:34: Added term of subject English on WEDNESDAY at 10:30, 45 min to subject English
2024.11.15 17:48:34: Added term of subject English on THURSDAY at 11:00, 45 min to subject English
2024.11.15 17:48:34: Added subject English to class 1A, profile humane
2024.11.15 17:48:34: Added term of subject Computer Science on TUESDAY at 09:00, 45 min to subject Computer Science
2024.11.15 17:48:34: Added subject Computer Science to class 1A, profile humane
2024.11.15 17:48:34: Added term of subject Chemistry on WEDNESDAY at 11:30, 45 min to subject Chemistry
2024.11.15 17:48:34: Added subject Chemistry to class 1A, profile humane
2024.11.15 17:48:34: Added term of subject Potions on FRIDAY at 09:00, 90 min to subject Potions
2024.11.15 17:48:34: Added subject Potions to class 1A, profile humane
2024.11.15 17:48:34: Added term of subject Black Magic Defense on FRIDAY at 12:30, 90 min to subject Black Magic Defense
2024.11.15 17:48:34: Added subject Black Magic Defense to class 1A, profile humane
2024.11.15 17:48:34: Added class 1A, profile humane
2024.11.15 17:53:48: Added Thomas Anderson Teacher
2024.11.15 17:53:48: Added Han Solo Teacher
2024.11.15 17:53:48: Added Princess Leia Teacher
2024.11.15 17:53:48: Added Severus Snape Teacher
2024.11.15 17:53:48: Added Dolores Umbridge Teacher
2024.11.15 17:53:48: Added Peter Pan Student to class class 1A, profile humane
2024.11.15 17:53:48: Added Anna Shirley Student to class class 1A, profile humane
2024.11.15 17:53:48: Added Harry Potter Student to class class 1A, profile humane
2024.11.15 17:53:48: Added Ron Weasley Student to class class 1A, profile humane
2024.11.15 17:53:48: Added term of subject Math on MONDAY at 10:30, 45 min to subject Math
2024.11.15 17:53:48: Added term of subject Math on THURSDAY at 12:50, 45 min to subject Math
2024.11.15 17:53:48: Added subject Math to class 1A, profile humane
2024.11.15 17:53:48: Added term of subject English on MONDAY at 12:00, 45 min to subject English
2024.11.15 17:53:48: Added term of subject English on TUESDAY at 11:00, 45 min to subject English
2024.11.15 17:53:48: Added term of subject English on WEDNESDAY at 10:30, 45 min to subject English
2024.11.15 17:53:48: Added term of subject English on THURSDAY at 11:00, 45 min to subject English
2024.11.15 17:53:48: Added subject English to class 1A, profile humane
2024.11.15 17:53:48: Added term of subject Computer Science on TUESDAY at 09:00, 45 min to subject Computer Science
2024.11.15 17:53:48: Added subject Computer Science to class 1A, profile humane
2024.11.15 17:53:48: Added term of subject Chemistry on WEDNESDAY at 11:30, 45 min to subject Chemistry
2024.11.15 17:53:48: Added subject Chemistry to class 1A, profile humane
2024.11.15 17:53:48: Added term of subject Potions on FRIDAY at 09:00, 90 min to subject Potions
2024.11.15 17:53:48: Added subject Potions to class 1A, profile humane
2024.11.15 17:53:48: Added term of subject Black Magic Defense on FRIDAY at 12:30, 90 min to subject Black Magic Defense
2024.11.15 17:53:48: Added subject Black Magic Defense to class 1A, profile humane
2024.11.15 17:53:48: Added class 1A, profile humane
2024.11.15 17:59:51: Teachers data saved
2024.11.15 17:59:51: Added Thomas Anderson Teacher
2024.11.15 17:59:51: Teachers data saved
2024.11.15 17:59:51: Added Han Solo Teacher
2024.11.15 17:59:51: Teachers data saved
2024.11.15 17:59:51: Added Princess Leia Teacher
2024.11.15 17:59:51: Teachers data saved
2024.11.15 17:59:51: Added Severus Snape Teacher
2024.11.15 17:59:51: Teachers data saved
2024.11.15 17:59:51: Added Dolores Umbridge Teacher
2024.11.15 17:59:51: Added Peter Pan Student to class class 1A, profile humane
2024.11.15 17:59:51: Added Anna Shirley Student to class class 1A, profile humane
2024.11.15 17:59:51: Added Harry Potter Student to class class 1A, profile humane
2024.11.15 17:59:51: Added Ron Weasley Student to class class 1A, profile humane
2024.11.15 17:59:51: Added term of subject Math on MONDAY at 10:30, 45 min to subject Math
2024.11.15 17:59:51: Added term of subject Math on THURSDAY at 12:50, 45 min to subject Math
2024.11.15 17:59:51: Added subject Math to class 1A, profile humane
2024.11.15 17:59:51: Added term of subject English on MONDAY at 12:00, 45 min to subject English
2024.11.15 17:59:51: Added term of subject English on TUESDAY at 11:00, 45 min to subject English
2024.11.15 17:59:51: Added term of subject English on WEDNESDAY at 10:30, 45 min to subject English
2024.11.15 17:59:51: Added term of subject English on THURSDAY at 11:00, 45 min to subject English
2024.11.15 17:59:51: Added subject English to class 1A, profile humane
2024.11.15 17:59:51: Added term of subject Computer Science on TUESDAY at 09:00, 45 min to subject Computer Science
2024.11.15 17:59:51: Added subject Computer Science to class 1A, profile humane
2024.11.15 17:59:51: Added term of subject Chemistry on WEDNESDAY at 11:30, 45 min to subject Chemistry
2024.11.15 17:59:51: Added subject Chemistry to class 1A, profile humane
2024.11.15 17:59:51: Added term of subject Potions on FRIDAY at 09:00, 90 min to subject Potions
2024.11.15 17:59:51: Added subject Potions to class 1A, profile humane
2024.11.15 17:59:51: Added term of subject Black Magic Defense on FRIDAY at 12:30, 90 min to subject Black Magic Defense
2024.11.15 17:59:51: Added subject Black Magic Defense to class 1A, profile humane
2024.11.15 17:59:51: Added class 1A, profile humane
2024.11.18 23:10:50: Teachers data loaded
2024.11.18 23:10:50: Classes data loaded
2024.11.18 23:11:07: Teachers data loaded
2024.11.18 23:11:07: Classes data loaded
2024.11.18 23:11:08: Teachers data saved
2024.11.18 23:11:08: Added Thomas Anderson Teacher
2024.11.18 23:11:08: Teachers data saved
2024.11.18 23:11:08: Added Han Solo Teacher
2024.11.18 23:11:08: Teachers data saved
2024.11.18 23:11:08: Added Princess Leia Teacher
2024.11.18 23:11:08: Teachers data saved
2024.11.18 23:11:08: Added Severus Snape Teacher
2024.11.18 23:11:08: Teachers data saved
2024.11.18 23:11:08: Added Dolores Umbridge Teacher
2024.11.18 23:11:08: Added Peter Pan Student to class class 1A, profile humane
2024.11.18 23:11:08: Added Anna Shirley Student to class class 1A, profile humane
2024.11.18 23:11:08: Added Harry Potter Student to class class 1A, profile humane
2024.11.18 23:11:08: Added Ron Weasley Student to class class 1A, profile humane
2024.11.18 23:11:08: Added term of subject Math on MONDAY at 10:30, 45 min to subject Math
2024.11.18 23:11:08: Added term of subject Math on THURSDAY at 12:50, 45 min to subject Math
2024.11.18 23:11:08: Added subject Math to class 1A, profile humane
2024.11.18 23:11:08: Added term of subject English on MONDAY at 12:00, 45 min to subject English
2024.11.18 23:11:08: Added term of subject English on TUESDAY at 11:00, 45 min to subject English
2024.11.18 23:11:08: Added term of subject English on WEDNESDAY at 10:30, 45 min to subject English
2024.11.18 23:11:08: Added term of subject English on THURSDAY at 11:00, 45 min to subject English
2024.11.18 23:11:08: Added subject English to class 1A, profile humane
2024.11.18 23:11:08: Added term of subject Computer Science on TUESDAY at 09:00, 45 min to subject Computer Science
2024.11.18 23:11:08: Added subject Computer Science to class 1A, profile humane
2024.11.18 23:11:08: Added term of subject Chemistry on WEDNESDAY at 11:30, 45 min to subject Chemistry
2024.11.18 23:11:08: Added subject Chemistry to class 1A, profile humane
2024.11.18 23:11:08: Added term of subject Potions on FRIDAY at 09:00, 90 min to subject Potions
2024.11.18 23:11:08: Added subject Potions to class 1A, profile humane
2024.11.18 23:11:08: Added term of subject Black Magic Defense on FRIDAY at 12:30, 90 min to subject Black Magic Defense
2024.11.18 23:11:08: Added subject Black Magic Defense to class 1A, profile humane
2024.11.18 23:11:08: There was an error while saving the classes datajava.io.NotSerializableException: pl.edu.agh.logger.Logger
2024.11.18 23:11:08: Added class 1A, profile humane
